<project>
    <description/>
    <keepDependencies>false</keepDependencies>
    <properties>
        <hudson.model.ParametersDefinitionProperty>
            <parameterDefinitions>
                <hudson.model.TextParameterDefinition>
                    <name>SD_BUILDID</name>
                    <description/>
                    <defaultValue/>
                </hudson.model.TextParameterDefinition>
                <hudson.model.TextParameterDefinition>
                    <name>SD_API</name>
                    <description/>
                    <defaultValue/>
                </hudson.model.TextParameterDefinition>
                <hudson.model.TextParameterDefinition>
                    <name>SD_STORE</name>
                    <description/>
                    <defaultValue/>
                </hudson.model.TextParameterDefinition>
                <hudson.model.PasswordParameterDefinition>
                    <name>SD_TOKEN</name>
                    <description/>
                    <defaultValue/>
                </hudson.model.PasswordParameterDefinition>
            </parameterDefinitions>
        </hudson.model.ParametersDefinitionProperty>
    </properties>
    <scm class="hudson.scm.NullSCM"/>
    <assignedNode>screwdriver</assignedNode>
    <canRoam>false</canRoam>
    <disabled>false</disabled>
    <blockBuildWhenDownstreamBuilding>false</blockBuildWhenDownstreamBuilding>
    <blockBuildWhenUpstreamBuilding>false</blockBuildWhenUpstreamBuilding>
    <triggers/>
    <concurrentBuild>false</concurrentBuild>
    <builders>
        <hudson.tasks.Shell>
            <command>/Users/Shared/Jenkins/macos_worker/bin/approduce</command>
        </hudson.tasks.Shell>
    </builders>
    <publishers/>
    <buildWrappers/>
</project>
